<?xml version="1.0" encoding="UTF-8"?>
<!-- Generated by org.testng.reporters.JUnitXMLReporter -->
<testsuite ignored="1" hostname="de3750yw" failures="1" tests="2" name="Command line test" time="3.874" errors="0" timestamp="2024-02-25T12:15:12 MEZ">
  <testcase classname="tests.TestBase" name="@BeforeClass beforeClass" time="1.441">
    <failure type="java.lang.NullPointerException">
      <![CDATA[java.lang.NullPointerException
at pages.BrowserAction.maxBrowser(BrowserAction.java:43)
at tests.TestBase.beforeClass(TestBase.java:26)
at java.base/java.util.ArrayList.forEach(ArrayList.java:1507)
... Removed 35 stack frames]]>
    </failure>
  </testcase> <!-- @BeforeClass beforeClass -->
  <testcase classname="tests.TestBase" name="@AfterMethod screenshotOnFail" time="0.0">
    <skipped/>
  </testcase> <!-- @AfterMethod screenshotOnFail -->
  <testcase classname="io.cucumber.testng.AbstractTestNGCucumberTests" name="runScenario" time="1.893">
    <failure type="java.lang.NullPointerException">
      <![CDATA[java.lang.NullPointerException
at pages.BrowserAction.maxBrowser(BrowserAction.java:43)
at stepsCucumber.Steps.iAmOnHomePage(Steps.java:37)
at ✽.I am on the home page(file:///D:/dxl/AreebProject/src/test/java/featureCucumber/registration.feature:7)
]]>
    </failure>
  </testcase> <!-- runScenario -->
  <testcase classname="tests.RegisterTest" name="RegisterWithValidData" time="0.0">
    <skipped/>
  </testcase> <!-- RegisterWithValidData -->
  <testcase classname="tests.TestBase" name="@AfterTest afterClass" time="0.0">
    <ignored/>
  </testcase> <!-- @AfterTest afterClass -->
</testsuite> <!-- Command line test -->
