<?xml version="1.0" encoding="UTF-8"?>
<!-- Generated by org.testng.reporters.JUnitReportReporter -->
<testsuite hostname="de3750yw" failures="0" tests="1" name="runnerCucumber.runnerTest" time="1.893" errors="1" timestamp="2024-02-25T12:15:12 MEZ" skipped="0">
  <testcase classname="runnerCucumber.runnerTest" name="runScenario" time="1.893">
    <error type="java.lang.NullPointerException">
      <![CDATA[java.lang.NullPointerException
at pages.BrowserAction.maxBrowser(BrowserAction.java:43)
at stepsCucumber.Steps.iAmOnHomePage(Steps.java:37)
at ✽.I am on the home page(file:///D:/dxl/AreebProject/src/test/java/featureCucumber/registration.feature:7)
]]>
    </error>
  </testcase> <!-- runScenario -->
</testsuite> <!-- runnerCucumber.runnerTest -->
